Android Studio Project/Grand Slam Baseball Allstars 2 Electric Boogaloo/Firebase/build/outputs/logs/manifest-merger-debug-report.txt
-- Merging decision tree log ---
manifest
ADDED from Grand Slam Baseball Allstars 2 Electric Boogaloo\Firebase\AndroidManifest.xml:9:1-14:12
INJECTED from Grand Slam Baseball Allstars 2 Electric Boogaloo\Firebase\AndroidManifest.xml:9:1-14:12
INJECTED from Grand Slam Baseball Allstars 2 Electric Boogaloo\Firebase\AndroidManifest.xml:9:1-14:12
INJECTED from Grand Slam Baseball Allstars 2 Electric Boogaloo\Firebase\AndroidManifest.xml:9:1-14:12
INJECTED from Grand Slam Baseball Allstars 2 Electric Boogaloo\Firebase\AndroidManifest.xml:9:1-14:12
INJECTED from Grand Slam Baseball Allstars 2 Electric Boogaloo\Firebase\AndroidManifest.xml:9:1-14:12
INJECTED from Grand Slam Baseball Allstars 2 Electric Boogaloo\Firebase\AndroidManifest.xml:9:1-14:12
	package
		ADDED from Grand Slam Baseball Allstars 2 Electric Boogaloo\Firebase\AndroidManifest.xml:10:11-46
		INJECTED from Grand Slam Baseball Allstars 2 Electric Boogaloo\Firebase\AndroidManifest.xml
		INJECTED from Grand Slam Baseball Allstars 2 Electric Boogaloo\Firebase\AndroidManifest.xml
	android:versionName
		ADDED from Grand Slam Baseball Allstars 2 Electric Boogaloo\Firebase\AndroidManifest.xml:12:11-36
		INJECTED from Grand Slam Baseball Allstars 2 Electric Boogaloo\Firebase\AndroidManifest.xml
		INJECTED from Grand Slam Baseball Allstars 2 Electric Boogaloo\Firebase\AndroidManifest.xml
	xmlns:android
		ADDED from Grand Slam Baseball Allstars 2 Electric Boogaloo\Firebase\AndroidManifest.xml:9:11-69
	android:versionCode
		ADDED from Grand Slam Baseball Allstars 2 Electric Boogaloo\Firebase\AndroidManifest.xml:11:11-34
		INJECTED from Grand Slam Baseball Allstars 2 Electric Boogaloo\Firebase\AndroidManifest.xml
		INJECTED from Grand Slam Baseball Allstars 2 Electric Boogaloo\Firebase\AndroidManifest.xml
uses-sdk
ADDED from Grand Slam Baseball Allstars 2 Electric Boogaloo\Firebase\AndroidManifest.xml:13:3-41
INJECTED from Grand Slam Baseball Allstars 2 Electric Boogaloo\Firebase\AndroidManifest.xml:13:3-41
INJECTED from Grand Slam Baseball Allstars 2 Electric Boogaloo\Firebase\AndroidManifest.xml:13:3-41
	android:targetSdkVersion
		INJECTED from Grand Slam Baseball Allstars 2 Electric Boogaloo\Firebase\AndroidManifest.xml
		ADDED from Grand Slam Baseball Allstars 2 Electric Boogaloo\Firebase\AndroidManifest.xml:13:3-41
		INJECTED from Grand Slam Baseball Allstars 2 Electric Boogaloo\Firebase\AndroidManifest.xml
	android:minSdkVersion
		ADDED from Grand Slam Baseball Allstars 2 Electric Boogaloo\Firebase\AndroidManifest.xml:13:13-39